  compilation object save succeeded; see E:\CG\Projects\DXFramework\DXFramework\DXFramework\PixelShader.cso
  compilation object save succeeded; see E:\CG\Projects\DXFramework\DXFramework\DXFramework\TexturePS.cso
  compilation object save succeeded; see E:\CG\Projects\DXFramework\DXFramework\DXFramework\TextureVS.cso
  compilation object save succeeded; see E:\CG\Projects\DXFramework\DXFramework\DXFramework\VertexShader.cso
  App.cpp
  Bindable.cpp
  Box.cpp
  Drawable.cpp
  dxerr.cpp
  DxgiInfoManager.cpp
  GDIPlusManager.cpp
  Graphics.cpp
  IndexBuffer.cpp
  InputLayout.cpp
  Keyboard.cpp
  Mouse.cpp
  PixelShader.cpp
  Sampler.cpp
  Sheet.cpp
E:\CG\Projects\DXFramework\DXFramework\DXFramework\dxerr.cpp(139,1): warning C4005: 'CHK_ERRA_W': macro redefinition
E:\CG\Projects\DXFramework\DXFramework\DXFramework\dxerr.cpp(69): message : see previous definition of 'CHK_ERRA_W'
E:\CG\Projects\DXFramework\DXFramework\DXFramework\dxerr.cpp(143,1): warning C4005: 'CHK_ERR_W': macro redefinition
E:\CG\Projects\DXFramework\DXFramework\DXFramework\dxerr.cpp(65): message : see previous definition of 'CHK_ERR_W'
E:\CG\Projects\DXFramework\DXFramework\DXFramework\dxerr.cpp(147,1): warning C4005: 'CHK_ERRA_A': macro redefinition
E:\CG\Projects\DXFramework\DXFramework\DXFramework\dxerr.cpp(77): message : see previous definition of 'CHK_ERRA_A'
E:\CG\Projects\DXFramework\DXFramework\DXFramework\dxerr.cpp(151,1): warning C4005: 'CHK_ERR_A': macro redefinition
E:\CG\Projects\DXFramework\DXFramework\DXFramework\dxerr.cpp(73): message : see previous definition of 'CHK_ERR_A'
  SkinnedBox.cpp
  Surface.cpp
  Texture.cpp
  Timer.cpp
  Topology.cpp
E:\CG\Projects\DXFramework\DXFramework\DXFramework\Prism.h(28,11): warning C4834: discarding return value of function with 'nodiscard' attribute (compiling source file Box.cpp)
E:\CG\Projects\DXFramework\DXFramework\DXFramework\Prism.h(90): message : see reference to function template instantiation 'IndexedTriangleList<Box::{ctor}::Vertex> Prism::MakeTesselated<V>(int)' being compiled
          with
          [
              V=Box::{ctor}::Vertex
          ] (compiling source file Box.cpp)
E:\CG\Projects\DXFramework\DXFramework\DXFramework\Box.cpp(43): message : see reference to function template instantiation 'IndexedTriangleList<Box::{ctor}::Vertex> Prism::Make<Box::{ctor}::Vertex>(void)' being compiled
  TransformCbuf.cpp
  VertexBuffer.cpp
  VertexShader.cpp
  Window.cpp
  WinMain.cpp
  ZenException.cpp
C:\Program Files\Microsoft Visual Studio\2022\Community\VC\Tools\MSVC\14.30.30705\include\optional(69,17): warning C4244: 'initializing': conversion from 'WPARAM' to 'int', possible loss of data (compiling source file Window.cpp)
E:\CG\Projects\DXFramework\DXFramework\DXFramework\Window.cpp(286): message : see reference to function template instantiation 'std::_Optional_destruct_base<_Ty,true>::_Optional_destruct_base<WPARAM&>(std::in_place_t,WPARAM &)' being compiled
          with
          [
              _Ty=int
          ]
E:\CG\Projects\DXFramework\DXFramework\DXFramework\Window.cpp(286): message : see reference to function template instantiation 'std::_Optional_destruct_base<_Ty,true>::_Optional_destruct_base<WPARAM&>(std::in_place_t,WPARAM &)' being compiled
          with
          [
              _Ty=int
          ]
C:\Program Files\Microsoft Visual Studio\2022\Community\VC\Tools\MSVC\14.30.30705\include\optional(184): message : see reference to function template instantiation 'std::_Optional_construct_base<_Ty>::_Optional_construct_base<WPARAM&>(std::in_place_t,WPARAM &)' being compiled
          with
          [
              _Ty=int
          ] (compiling source file Window.cpp)
C:\Program Files\Microsoft Visual Studio\2022\Community\VC\Tools\MSVC\14.30.30705\include\optional(184): message : see reference to function template instantiation 'std::_Optional_construct_base<_Ty>::_Optional_construct_base<WPARAM&>(std::in_place_t,WPARAM &)' being compiled
          with
          [
              _Ty=int
          ] (compiling source file Window.cpp)
E:\CG\Projects\DXFramework\DXFramework\DXFramework\Window.cpp(143): message : see reference to function template instantiation 'std::optional<int>::optional<WPARAM&,0>(_Ty2)' being compiled
          with
          [
              _Ty2=WPARAM &
          ]
E:\CG\Projects\DXFramework\DXFramework\DXFramework\Window.cpp(143): message : see reference to function template instantiation 'std::optional<int>::optional<WPARAM&,0>(_Ty2)' being compiled
          with
          [
              _Ty2=WPARAM &
          ]
  DXFramework.vcxproj -> E:\CG\Projects\DXFramework\DXFramework\x64\Debug\DXFramework.exe
