e:\cg\projects\dxframework\dxframework\dxframework\x64\debug\app.obj
e:\cg\projects\dxframework\dxframework\dxframework\x64\debug\window.obj
e:\cg\projects\dxframework\dxframework\dxframework\x64\debug\dxerr.obj
e:\cg\projects\dxframework\dxframework\dxframework\x64\debug\pixelshader.obj
e:\cg\projects\dxframework\dxframework\dxframework\x64\debug\winmain.obj
e:\cg\projects\dxframework\dxframework\dxframework\x64\debug\imgui.obj
e:\cg\projects\dxframework\dxframework\dxframework\x64\debug\indexbuffer.obj
e:\cg\projects\dxframework\dxframework\dxframework\x64\debug\vertexbuffer.obj
e:\cg\projects\dxframework\dxframework\dxframework\x64\debug\imguimanager.obj
e:\cg\projects\dxframework\dxframework\dxframework\x64\debug\imgui_impl_dx11.obj
e:\cg\projects\dxframework\dxframework\dxframework\x64\debug\texture.obj
e:\cg\projects\dxframework\dxframework\dxframework\x64\debug\graphics.obj
e:\cg\projects\dxframework\dxframework\dxframework\x64\debug\topology.obj
e:\cg\projects\dxframework\dxframework\dxframework\x64\debug\box.obj
e:\cg\projects\dxframework\dxframework\dxframework\x64\debug\transformcbuf.obj
e:\cg\projects\dxframework\dxframework\dxframework\x64\debug\gdiplusmanager.obj
e:\cg\projects\dxframework\dxframework\dxframework\x64\debug\mouse.obj
e:\cg\projects\dxframework\dxframework\dxframework\x64\debug\timer.obj
e:\cg\projects\dxframework\dxframework\dxframework\x64\debug\imgui_demo.obj
e:\cg\projects\dxframework\dxframework\dxframework\x64\debug\imgui_impl_win32.obj
e:\cg\projects\dxframework\dxframework\dxframework\x64\debug\keyboard.obj
e:\cg\projects\dxframework\dxframework\dxframework\x64\debug\sampler.obj
e:\cg\projects\dxframework\dxframework\dxframework\x64\debug\zenexception.obj
e:\cg\projects\dxframework\dxframework\dxframework\x64\debug\dxgiinfomanager.obj
e:\cg\projects\dxframework\dxframework\dxframework\x64\debug\surface.obj
e:\cg\projects\dxframework\dxframework\dxframework\x64\debug\bindable.obj
e:\cg\projects\dxframework\dxframework\dxframework\x64\debug\sheet.obj
e:\cg\projects\dxframework\dxframework\dxframework\x64\debug\imgui_draw.obj
e:\cg\projects\dxframework\dxframework\dxframework\x64\debug\imgui_widgets.obj
e:\cg\projects\dxframework\dxframework\dxframework\x64\debug\inputlayout.obj
e:\cg\projects\dxframework\dxframework\dxframework\x64\debug\vertexshader.obj
e:\cg\projects\dxframework\dxframework\dxframework\x64\debug\drawable.obj
e:\cg\projects\dxframework\dxframework\dxframework\x64\debug\skinnedbox.obj
e:\cg\projects\dxframework\dxframework\dxframework\x64\debug\vc143.pdb
e:\cg\projects\dxframework\dxframework\dxframework\x64\debug\vc143.idb
e:\cg\projects\dxframework\dxframework\dxframework\pixelshader.cso
e:\cg\projects\dxframework\dxframework\dxframework\textureps.cso
e:\cg\projects\dxframework\dxframework\dxframework\texturevs.cso
e:\cg\projects\dxframework\dxframework\dxframework\vertexshader.cso
e:\cg\projects\dxframework\dxframework\dxframework\x64\debug\dxframework.res
e:\cg\projects\dxframework\dxframework\x64\debug\dxframework.pdb
e:\cg\projects\dxframework\dxframework\dxframework\x64\debug\dxframework.tlog\cl.command.1.tlog
e:\cg\projects\dxframework\dxframework\dxframework\x64\debug\dxframework.tlog\cl.read.1.tlog
e:\cg\projects\dxframework\dxframework\dxframework\x64\debug\dxframework.tlog\cl.write.1.tlog
e:\cg\projects\dxframework\dxframework\dxframework\x64\debug\dxframework.tlog\fxc.command.1.tlog
e:\cg\projects\dxframework\dxframework\dxframework\x64\debug\dxframework.tlog\fxc.read.1.tlog
e:\cg\projects\dxframework\dxframework\dxframework\x64\debug\dxframework.tlog\fxc.write.1.tlog
e:\cg\projects\dxframework\dxframework\dxframework\x64\debug\dxframework.tlog\link-cvtres.read.1.tlog
e:\cg\projects\dxframework\dxframework\dxframework\x64\debug\dxframework.tlog\link-cvtres.write.1.tlog
e:\cg\projects\dxframework\dxframework\dxframework\x64\debug\dxframework.tlog\link-rc.read.1.tlog
e:\cg\projects\dxframework\dxframework\dxframework\x64\debug\dxframework.tlog\link-rc.write.1.tlog
e:\cg\projects\dxframework\dxframework\dxframework\x64\debug\dxframework.tlog\link.command.1.tlog
e:\cg\projects\dxframework\dxframework\dxframework\x64\debug\dxframework.tlog\link.read.1.tlog
e:\cg\projects\dxframework\dxframework\dxframework\x64\debug\dxframework.tlog\link.read.2.tlog
e:\cg\projects\dxframework\dxframework\dxframework\x64\debug\dxframework.tlog\link.write.1.tlog
e:\cg\projects\dxframework\dxframework\dxframework\x64\debug\dxframework.tlog\rc.command.1.tlog
e:\cg\projects\dxframework\dxframework\dxframework\x64\debug\dxframework.tlog\rc.read.1.tlog
e:\cg\projects\dxframework\dxframework\dxframework\x64\debug\dxframework.tlog\rc.write.1.tlog
